{"numTotalTestSuites":11,"numPassedTestSuites":11,"numFailedTestSuites":0,"numPendingTestSuites":0,"numTotalTests":24,"numPassedTests":24,"numFailedTests":0,"numPendingTests":0,"numTodoTests":0,"snapshot":{"added":0,"failure":false,"filesAdded":0,"filesRemoved":0,"filesRemovedList":[],"filesUnmatched":0,"filesUpdated":0,"matched":0,"total":0,"unchecked":0,"uncheckedKeysByFile":[],"unmatched":0,"updated":0,"didUpdate":false},"startTime":1758330519112,"success":true,"testResults":[{"assertionResults":[{"ancestorTitles":["ParallelProcessor","Configuração do Processador"],"fullName":"ParallelProcessor Configuração do Processador deve inicializar com configuração padrão","status":"passed","title":"deve inicializar com configuração padrão","duration":8.158000000001266,"failureMessages":[],"location":{"line":44,"column":5},"meta":{}},{"ancestorTitles":["ParallelProcessor","Configuração do Processador"],"fullName":"ParallelProcessor Configuração do Processador deve aplicar configuração personalizada","status":"passed","title":"deve aplicar configuração personalizada","duration":2.3702999999986787,"failureMessages":[],"location":{"line":53,"column":5},"meta":{}},{"ancestorTitles":["ParallelProcessor","Configuração do Processador"],"fullName":"ParallelProcessor Configuração do Processador deve validar configuração inválida","status":"passed","title":"deve validar configuração inválida","duration":4.426199999999881,"failureMessages":[],"location":{"line":75,"column":5},"meta":{}},{"ancestorTitles":["ParallelProcessor","Processamento de Tarefas Simples"],"fullName":"ParallelProcessor Processamento de Tarefas Simples deve processar uma única tarefa","status":"passed","title":"deve processar uma única tarefa","duration":112.79500000000007,"failureMessages":[],"location":{"line":91,"column":5},"meta":{}},{"ancestorTitles":["ParallelProcessor","Processamento de Tarefas Simples"],"fullName":"ParallelProcessor Processamento de Tarefas Simples deve processar múltiplas tarefas em paralelo","status":"passed","title":"deve processar múltiplas tarefas em paralelo","duration":114.45120000000134,"failureMessages":[],"location":{"line":107,"column":5},"meta":{}},{"ancestorTitles":["ParallelProcessor","Processamento de Tarefas Simples"],"fullName":"ParallelProcessor Processamento de Tarefas Simples deve respeitar limite de workers","status":"passed","title":"deve respeitar limite de workers","duration":520.3775999999998,"failureMessages":[],"location":{"line":128,"column":5},"meta":{}},{"ancestorTitles":["ParallelProcessor","Tratamento de Erros"],"fullName":"ParallelProcessor Tratamento de Erros deve lidar com tarefas que falham","status":"passed","title":"deve lidar com tarefas que falham","duration":209.97270000000026,"failureMessages":[],"location":{"line":149,"column":5},"meta":{}},{"ancestorTitles":["ParallelProcessor","Tratamento de Erros"],"fullName":"ParallelProcessor Tratamento de Erros deve implementar retry automático quando habilitado","status":"passed","title":"deve implementar retry automático quando habilitado","duration":110.1151000000009,"failureMessages":[],"location":{"line":182,"column":5},"meta":{}},{"ancestorTitles":["ParallelProcessor","Tratamento de Erros"],"fullName":"ParallelProcessor Tratamento de Erros deve falhar após esgotar tentativas de retry","status":"passed","title":"deve falhar após esgotar tentativas de retry","duration":37.36499999999978,"failureMessages":[],"location":{"line":212,"column":5},"meta":{}},{"ancestorTitles":["ParallelProcessor","Tratamento de Erros"],"fullName":"ParallelProcessor Tratamento de Erros deve lidar com timeout de tarefas","status":"passed","title":"deve lidar com timeout de tarefas","duration":810.4264000000003,"failureMessages":[],"location":{"line":237,"column":5},"meta":{}},{"ancestorTitles":["ParallelProcessor","Sistema de Prioridades"],"fullName":"ParallelProcessor Sistema de Prioridades deve processar tarefas de alta prioridade primeiro","status":"passed","title":"deve processar tarefas de alta prioridade primeiro","duration":269.4824000000008,"failureMessages":[],"location":{"line":260,"column":5},"meta":{}},{"ancestorTitles":["ParallelProcessor","Métricas e Monitoramento"],"fullName":"ParallelProcessor Métricas e Monitoramento deve coletar métricas de performance","status":"passed","title":"deve coletar métricas de performance","duration":110.85950000000048,"failureMessages":[],"location":{"line":288,"column":5},"meta":{}},{"ancestorTitles":["ParallelProcessor","Métricas e Monitoramento"],"fullName":"ParallelProcessor Métricas e Monitoramento deve rastrear estatísticas de workers","status":"passed","title":"deve rastrear estatísticas de workers","duration":417.91059999999925,"failureMessages":[],"location":{"line":308,"column":5},"meta":{}},{"ancestorTitles":["ParallelProcessor","Métricas e Monitoramento"],"fullName":"ParallelProcessor Métricas e Monitoramento deve fornecer estatísticas em tempo real","status":"passed","title":"deve fornecer estatísticas em tempo real","duration":607.5604000000003,"failureMessages":[],"location":{"line":327,"column":5},"meta":{}},{"ancestorTitles":["ParallelProcessor","Gerenciamento de Recursos"],"fullName":"ParallelProcessor Gerenciamento de Recursos deve ajustar pool de workers dinamicamente","status":"passed","title":"deve ajustar pool de workers dinamicamente","duration":429.3878999999997,"failureMessages":[],"location":{"line":357,"column":5},"meta":{}},{"ancestorTitles":["ParallelProcessor","Gerenciamento de Recursos"],"fullName":"ParallelProcessor Gerenciamento de Recursos deve limpar recursos adequadamente no shutdown","status":"passed","title":"deve limpar recursos adequadamente no shutdown","duration":106.32849999999962,"failureMessages":[],"location":{"line":389,"column":5},"meta":{}},{"ancestorTitles":["ParallelProcessor","Gerenciamento de Recursos"],"fullName":"ParallelProcessor Gerenciamento de Recursos deve lidar com sobrecarga de queue","status":"passed","title":"deve lidar com sobrecarga de queue","duration":427.59740000000056,"failureMessages":[],"location":{"line":409,"column":5},"meta":{}},{"ancestorTitles":["ParallelProcessor","Funções Utilitárias"],"fullName":"ParallelProcessor Funções Utilitárias createParallelProcessor deve funcionar corretamente","status":"passed","title":"createParallelProcessor deve funcionar corretamente","duration":0.9562000000005355,"failureMessages":[],"location":{"line":428,"column":5},"meta":{}},{"ancestorTitles":["ParallelProcessor","Funções Utilitárias"],"fullName":"ParallelProcessor Funções Utilitárias processInParallel deve funcionar como função standalone","status":"passed","title":"processInParallel deve funcionar como função standalone","duration":2.012699999999313,"failureMessages":[],"location":{"line":439,"column":5},"meta":{}},{"ancestorTitles":["ParallelProcessor","Casos Extremos"],"fullName":"ParallelProcessor Casos Extremos deve lidar com array vazio de tarefas","status":"passed","title":"deve lidar com array vazio de tarefas","duration":1.2999999999992724,"failureMessages":[],"location":{"line":460,"column":5},"meta":{}},{"ancestorTitles":["ParallelProcessor","Casos Extremos"],"fullName":"ParallelProcessor Casos Extremos deve lidar com tarefas malformadas","status":"passed","title":"deve lidar com tarefas malformadas","duration":100.91189999999915,"failureMessages":[],"location":{"line":468,"column":5},"meta":{}},{"ancestorTitles":["ParallelProcessor","Casos Extremos"],"fullName":"ParallelProcessor Casos Extremos deve lidar com função de processamento inválida","status":"passed","title":"deve lidar com função de processamento inválida","duration":1.3698000000003958,"failureMessages":[],"location":{"line":484,"column":5},"meta":{}},{"ancestorTitles":["ParallelProcessor","Performance"],"fullName":"ParallelProcessor Performance deve processar muitas tarefas eficientemente","status":"passed","title":"deve processar muitas tarefas eficientemente","duration":2634.388500000001,"failureMessages":[],"location":{"line":500,"column":5},"meta":{}},{"ancestorTitles":["ParallelProcessor","Performance"],"fullName":"ParallelProcessor Performance deve manter performance com tarefas pesadas","status":"passed","title":"deve manter performance com tarefas pesadas","duration":2525.4468000000015,"failureMessages":[],"location":{"line":522,"column":5},"meta":{}}],"startTime":1758330526248,"endTime":1758330535817.4468,"status":"passed","message":"","name":"C:/xampp/htdocs/Studiotreiax_1/src/lib/pptx/__tests__/parallel-processing.test.ts"}]}